0 info it worked if it ends with ok
1 verbose cli [ 'C:\\Program Files\\aPrograms\\nodejs\\node.exe',
1 verbose cli   'C:\\Users\\sauls\\AppData\\Roaming\\npm\\node_modules\\npm\\bin\\npm-cli.js',
1 verbose cli   'run',
1 verbose cli   'cc',
1 verbose cli   'api-builder' ]
2 info using npm@4.1.2
3 info using node@v6.9.2
4 verbose run-script [ 'precc', 'cc', 'postcc' ]
5 info lifecycle jarvis-bot@1.0.0~precc: jarvis-bot@1.0.0
6 silly lifecycle jarvis-bot@1.0.0~precc: no script for precc, continuing
7 info lifecycle jarvis-bot@1.0.0~cc: jarvis-bot@1.0.0
8 verbose lifecycle jarvis-bot@1.0.0~cc: unsafe-perm in lifecycle true
9 verbose lifecycle jarvis-bot@1.0.0~cc: PATH: C:\Users\sauls\AppData\Roaming\npm\node_modules\npm\bin\node-gyp-bin;C:\Users\sauls\zProgramming\GitHub\Jarvis-bot\practice-saul\node_modules\.bin;C:\Windows\System32;Windows_NT;C:\WINDOWS;C:\Program Files;C:\Program Files\aPrograms\Git;C:\Program Files\aPrograms\Git\bin;C:\Program Files\aPrograms\Git\cmd;C:\Program Files\aPrograms\Git\usr\bin;;C:\Program Files\aPrograms\Notepad++\;;C:\Program Files\aPrograms\cygwin64;C:\Program Files\aPrograms\cygwin64\bin;C:\Program Files\aPrograms\cygwin64\sbin;C:\Program Files\aPrograms\WinAVR-20100110\bin;C:\Program Files\aPrograms\WinAVR-20100110\utils\bin;C:\Users\sauls\AppData\Local\Android\sdk1;C:\Users\sauls\AppData\Local\Android\sdk1\add-ons;C:\Users\sauls\AppData\Local\Android\sdk1\build-tools\24.0.2;C:\Users\sauls\AppData\Local\Android\sdk1\platforms\android-24;C:\Users\sauls\AppData\Local\Android\sdk1\platform-tools;C:\Users\sauls\AppData\Local\Android\sdk1\tools;C:\Users\sauls\AppData\Local\Android\sdk1\tools\bin;C:\Users\sauls\AppData\Local\Android\sdk1\tools\lib;C:\Users\sauls\AppData\Local\Android\sdk1\tools\qemu\windows-x86_64;C:\Program Files\aPrograms\Apache\apache-ant-1.9.7;C:\Program Files\aPrograms\WinAVR-20100110;C:\ProgramData\chocolatey;C:\WINDOWS\system32\cmd.exe;C:\Program Files (x86)\aPrograms\Go\;C:\Program Files (x86)\GtkSharp\2.12\;C:\Program Files\aPrograms\Heroku;C:\Program Files\aPrograms\Heroku\bin;;C:\Program Files\aPrograms\Java\jre1.8.0_102;C:\Program Files\aPrograms\Java\jre1.8.0_102\lib;C:\Program Files\aPrograms\Java\jre1.8.0_102\bin;C:\Program Files\aPrograms\Java\jdk1.8.0_102;C:\Program Files\aPrograms\Java\jdk1.8.0_102\lib;C:\Program Files\aPrograms\Java\jdk1.8.0_102\bin;C:\Program Files\aPrograms\Java\jdk1.8.0_102\jre;C:\Program Files\aPrograms\Java\jdk1.8.0_102\jre\lib;C:\Program Files\aPrograms\Java\jdk1.8.0_102\jre\bin;C:\Program Files\aPrograms\MinGW\bin;C:\Program Files\aPrograms\MinGW\include;C:\Program Files\aPrograms\MinGW\lib;C:\Program Files\aPrograms\MinGW\mingw32\bin;;8;.COM;.EXE;.BAT;.CMD;.VBS;.VBE;.JS;.JSE;.WSF;.WSH;.MSC;.PY;.PYW;C:\php5;C:\php7;AMD64;Intel64 Family 6 Model 60 Stepping 3, GenuineIntel;6;3c03;C:\;C:\Program Files;C:\Program Files\aPrograms;C:\Program Files\Common Files;C:\Program Files (x86);C:\Program Files (x86)\aPrograms;C:\Program Files (x86)\Common Files\WindowsPowerShell\Modules;C:\WINDOWS\system32\WindowsPowerShell\v1.0\Modules;C:\Program Files\aPrograms;C:\Users\sauls\zProgramming\lib\customBatches;C:\WINDOWS\TEMP;C:\WINDOWS\TEMP;SYSTEM;C:\Program Files\aPrograms\Oracle\VirtualBox\;C:\Program Files (x86)\Microsoft Visual Studio 11.0\Common7\Tools\;C:\Program Files (x86)\Microsoft Visual Studio 12.0\Common7\Tools\;C:\Program Files (x86)\aPrograms\Microsoft VS\Microsoft Visual Studio 14.0\Common7\Tools\;C:\Program Files\aPrograms\WinAVR-20100110\bin;C:\Program Files\aPrograms\WinAVR-20100110\utils\bin;C:\Program Files (x86)\aPrograms\Python35-32;C:\Program Files (x86)\aPrograms\Python35-32\Scripts;C:\Program Files (x86)\aPrograms\Python35-32\Lib\site-packages;C:\Program Files (x86)\aPrograms\Python35-32\Lib\;C:\Program Files (x86)\aPrograms\Python35-32\DLLs;;C:\Program Files (x86)\aPrograms\Python27;C:\Program Files (x86)\aPrograms\Python27\Scripts;C:\Program Files (x86)\aPrograms\Python27\Lib\site-packages;C:\Program Files (x86)\aPrograms\Python27\Lib\;C:\Program Files (x86)\aPrograms\Python27\Lib\lib-tk;C:\Program Files (x86)\aPrograms\Python27\DLLs;;C:\Program Files\aPrograms\Python34;C:\Program Files\aPrograms\Python34\Scripts;C:\Program Files\aPrograms\Python34\Lib\site-packages;C:\Program Files\aPrograms\Python34\Lib\;C:\Program Files\aPrograms\Python34\DLLs;;C:\Program Files\aPrograms\nodejs;C:\Program Files\aPrograms\nodejs\node_modules;C:\Program Files\aPrograms\nodejs\node_modules\npm;C:\Program Files\aPrograms\nodejs\node_modules\npm\bin;C:\Program Files\aPrograms\nodejs\node_modules\npm\scripts;C:\Program Files\aPrograms\nodejs\node_modules\npm\lib;C:\Program Files\aPrograms\nodejs\node_modules\npm\lib\install;C:\Program Files\aPrograms\nodejs\node_modules\npm\lib\utils;;C:\Program Files\aPrograms\Docker Toolbox;C:\Program Files\aPrograms\Docker Toolbox\kitematic;;C:\Windows\;C:\Windows\System32;C:\Users\sauls\AppData\Local\Microsoft\WindowsApps;C:\Program Files\aPrograms\RailsInstaller\Git\cmd;C:\Program Files\aPrograms\RailsInstaller\Ruby2.2.0\bin;C:\Program Files\aPrograms\jruby-9.1.2.0\bin;C:\Program Files\aPrograms\Conan\conan;C:\Users\sauls\AppData\Local\atom\bin;C:\Users\sauls\AppData\Local\particle\bin;C:\Users\sauls\AppData\Roaming\npm;C:\Program Files\aPrograms\Docker Toolbox
10 verbose lifecycle jarvis-bot@1.0.0~cc: CWD: C:\Users\sauls\zProgramming\GitHub\Jarvis-bot\practice-saul
11 silly lifecycle jarvis-bot@1.0.0~cc: Args: [ '/d /s /c',
11 silly lifecycle   'claudia create --region us-west-2 --api-module "api-builder"' ]
12 silly lifecycle jarvis-bot@1.0.0~cc: Returned: code: 1  signal: null
13 info lifecycle jarvis-bot@1.0.0~cc: Failed to exec cc script
14 verbose stack Error: jarvis-bot@1.0.0 cc: `claudia create --region us-west-2 --api-module "api-builder"`
14 verbose stack Exit status 1
14 verbose stack     at EventEmitter.<anonymous> (C:\Users\sauls\AppData\Roaming\npm\node_modules\npm\lib\utils\lifecycle.js:279:16)
14 verbose stack     at emitTwo (events.js:106:13)
14 verbose stack     at EventEmitter.emit (events.js:191:7)
14 verbose stack     at ChildProcess.<anonymous> (C:\Users\sauls\AppData\Roaming\npm\node_modules\npm\lib\utils\spawn.js:40:14)
14 verbose stack     at emitTwo (events.js:106:13)
14 verbose stack     at ChildProcess.emit (events.js:191:7)
14 verbose stack     at maybeClose (internal/child_process.js:877:16)
14 verbose stack     at Process.ChildProcess._handle.onexit (internal/child_process.js:226:5)
15 verbose pkgid jarvis-bot@1.0.0
16 verbose cwd C:\Users\sauls\zProgramming\GitHub\Jarvis-bot\practice-saul
17 error Windows_NT 10.0.14393
18 error argv "C:\\Program Files\\aPrograms\\nodejs\\node.exe" "C:\\Users\\sauls\\AppData\\Roaming\\npm\\node_modules\\npm\\bin\\npm-cli.js" "run" "cc" "api-builder"
19 error node v6.9.2
20 error npm  v4.1.2
21 error code ELIFECYCLE
22 error jarvis-bot@1.0.0 cc: `claudia create --region us-west-2 --api-module "api-builder"`
22 error Exit status 1
23 error Failed at the jarvis-bot@1.0.0 cc script 'claudia create --region us-west-2 --api-module "api-builder"'.
23 error Make sure you have the latest version of node.js and npm installed.
23 error If you do, this is most likely a problem with the jarvis-bot package,
23 error not with npm itself.
23 error Tell the author that this fails on your system:
23 error     claudia create --region us-west-2 --api-module "api-builder"
23 error You can get information on how to open an issue for this project with:
23 error     npm bugs jarvis-bot
23 error Or if that isn't available, you can get their info via:
23 error     npm owner ls jarvis-bot
23 error There is likely additional logging output above.
24 verbose exit [ 1, true ]
